

-------- Grammar --------

rule 1 program: stmts
rule 2 stmts: stmts Separator stmt
rule 3 stmts: stmt
rule 4 stmt: stmt Conditional pipeline
rule 5 stmt: pipeline
rule 6 pipeline: pipeline Pipe stmts2
rule 7 pipeline: stmts2
rule 8 stmts2: "(" stmts ")"
rule 9 stmts2: command_w_heredoc
rule 10 stmts2: internal_eval
rule 11 command_w_heredoc: command_w_redirects Heredoc
rule 12 command_w_heredoc: command_w_redirects
rule 13 command_w_redirects: command_w_redirects Redirection
rule 14 command_w_redirects: command_w_vars
rule 15 command_w_redirects: command
rule 16 command_w_redirects: vars
rule 17 command_w_vars: vars command
rule 18 vars: vars LValue RValue
rule 19 vars: LValue RValue
rule 20 command: command2
rule 21 command2: Command
rule 22 command2: Command args
rule 23 command2: LiteralCommand
rule 24 command2: LiteralCommand args
rule 25 args: Argument
rule 26 args: args Argument
rule 27 internal_eval: InternalEval

------- Symbols -------

**Nonterminals, with rules where they appear

  $start (15)
    on right: 
    on left : 
  program (16)
    on right: 
    on left : 1
  stmts (17)
    on right: 1 2 8
    on left : 2 3
  stmt (18)
    on right: 2 3 4
    on left : 4 5
  pipeline (19)
    on right: 4 5 6
    on left : 6 7
  stmts2 (20)
    on right: 6 7
    on left : 8 9 10
  command_w_heredoc (21)
    on right: 9
    on left : 11 12
  internal_eval (22)
    on right: 10
    on left : 27
  command_w_redirects (23)
    on right: 11 12 13
    on left : 13 14 15 16
  command_w_vars (24)
    on right: 14
    on left : 17
  command (25)
    on right: 15 17
    on left : 20
  vars (26)
    on right: 16 17 18
    on left : 18 19
  command2 (27)
    on right: 20
    on left : 21 22 23 24
  args (28)
    on right: 22 24 26
    on left : 25 26

**Terminals, with rules where they appear

  $end (0) 
  error (1) 
  Command (2) 21 22
  LiteralCommand (3) 23 24
  Argument (4) 25 26
  Heredoc (5) 11
  InternalEval (6) 27
  Separator (7) 2
  Conditional (8) 4
  Pipe (9) 6
  Redirection (10) 13
  LValue (11) 18 19
  RValue (12) 18 19
  "(" (13) 8
  ")" (14) 8

--------- State ---------

state 0


  Command       shift, and go to state 15
  LiteralCommand  shift, and go to state 16
  InternalEval  shift, and go to state 17
  LValue        shift, and go to state 13
  "("           shift, and go to state 6

  program       go to state 1
  stmts         go to state 2
  stmt          go to state 3
  pipeline      go to state 4
  stmts2        go to state 5
  command_w_heredoc  go to state 7
  internal_eval  go to state 8
  command_w_redirects  go to state 9
  command_w_vars  go to state 10
  command       go to state 11
  vars          go to state 12
  command2      go to state 14

state 1


  $end          shift, and go to state 18


state 2

   1) program : stmts _
   2) stmts : stmts _ Separator stmt

  Separator     shift, and go to state 19
  $default      reduce using rule 1 (program)


state 3

   3) stmts : stmt _
   4) stmt : stmt _ Conditional pipeline

  Conditional   shift, and go to state 20
  $default      reduce using rule 3 (stmts)


state 4

   5) stmt : pipeline _
   6) pipeline : pipeline _ Pipe stmts2

  Pipe          shift, and go to state 21
  $default      reduce using rule 5 (stmt)


state 5

   7) pipeline : stmts2 _

  $default      reduce using rule 7 (pipeline)


state 6

   8) stmts2 : "(" _ stmts ")"

  Command       shift, and go to state 15
  LiteralCommand  shift, and go to state 16
  InternalEval  shift, and go to state 17
  LValue        shift, and go to state 13
  "("           shift, and go to state 6

  stmts         go to state 22
  stmt          go to state 3
  pipeline      go to state 4
  stmts2        go to state 5
  command_w_heredoc  go to state 7
  internal_eval  go to state 8
  command_w_redirects  go to state 9
  command_w_vars  go to state 10
  command       go to state 11
  vars          go to state 12
  command2      go to state 14

state 7

   9) stmts2 : command_w_heredoc _

  $default      reduce using rule 9 (stmts2)


state 8

  10) stmts2 : internal_eval _

  $default      reduce using rule 10 (stmts2)


state 9

  11) command_w_heredoc : command_w_redirects _ Heredoc
  12) command_w_heredoc : command_w_redirects _
  13) command_w_redirects : command_w_redirects _ Redirection

  Heredoc       shift, and go to state 23
  Redirection   shift, and go to state 24
  $default      reduce using rule 12 (command_w_heredoc)


state 10

  14) command_w_redirects : command_w_vars _

  $default      reduce using rule 14 (command_w_redirects)


state 11

  15) command_w_redirects : command _

  $default      reduce using rule 15 (command_w_redirects)


state 12

  16) command_w_redirects : vars _
  17) command_w_vars : vars _ command
  18) vars : vars _ LValue RValue

  Command       shift, and go to state 15
  LiteralCommand  shift, and go to state 16
  LValue        shift, and go to state 26
  $default      reduce using rule 16 (command_w_redirects)

  command       go to state 25
  command2      go to state 14

state 13

  19) vars : LValue _ RValue

  RValue        shift, and go to state 27


state 14

  20) command : command2 _

  $default      reduce using rule 20 (command)


state 15

  21) command2 : Command _
  22) command2 : Command _ args

  Argument      shift, and go to state 29
  $default      reduce using rule 21 (command2)

  args          go to state 28

state 16

  23) command2 : LiteralCommand _
  24) command2 : LiteralCommand _ args

  Argument      shift, and go to state 29
  $default      reduce using rule 23 (command2)

  args          go to state 30

state 17

  27) internal_eval : InternalEval _

  $default      reduce using rule 27 (internal_eval)


state 18


  $end          shift, and go to state 31


state 19

   2) stmts : stmts Separator _ stmt

  Command       shift, and go to state 15
  LiteralCommand  shift, and go to state 16
  InternalEval  shift, and go to state 17
  LValue        shift, and go to state 13
  "("           shift, and go to state 6

  stmt          go to state 32
  pipeline      go to state 4
  stmts2        go to state 5
  command_w_heredoc  go to state 7
  internal_eval  go to state 8
  command_w_redirects  go to state 9
  command_w_vars  go to state 10
  command       go to state 11
  vars          go to state 12
  command2      go to state 14

state 20

   4) stmt : stmt Conditional _ pipeline

  Command       shift, and go to state 15
  LiteralCommand  shift, and go to state 16
  InternalEval  shift, and go to state 17
  LValue        shift, and go to state 13
  "("           shift, and go to state 6

  pipeline      go to state 33
  stmts2        go to state 5
  command_w_heredoc  go to state 7
  internal_eval  go to state 8
  command_w_redirects  go to state 9
  command_w_vars  go to state 10
  command       go to state 11
  vars          go to state 12
  command2      go to state 14

state 21

   6) pipeline : pipeline Pipe _ stmts2

  Command       shift, and go to state 15
  LiteralCommand  shift, and go to state 16
  InternalEval  shift, and go to state 17
  LValue        shift, and go to state 13
  "("           shift, and go to state 6

  stmts2        go to state 34
  command_w_heredoc  go to state 7
  internal_eval  go to state 8
  command_w_redirects  go to state 9
  command_w_vars  go to state 10
  command       go to state 11
  vars          go to state 12
  command2      go to state 14

state 22

   2) stmts : stmts _ Separator stmt
   8) stmts2 : "(" stmts _ ")"

  Separator     shift, and go to state 19
  ")"           shift, and go to state 35


state 23

  11) command_w_heredoc : command_w_redirects Heredoc _

  $default      reduce using rule 11 (command_w_heredoc)


state 24

  13) command_w_redirects : command_w_redirects Redirection _

  $default      reduce using rule 13 (command_w_redirects)


state 25

  17) command_w_vars : vars command _

  $default      reduce using rule 17 (command_w_vars)


state 26

  18) vars : vars LValue _ RValue

  RValue        shift, and go to state 36


state 27

  19) vars : LValue RValue _

  $default      reduce using rule 19 (vars)


state 28

  22) command2 : Command args _
  26) args : args _ Argument

  Argument      shift, and go to state 37
  $default      reduce using rule 22 (command2)


state 29

  25) args : Argument _

  $default      reduce using rule 25 (args)


state 30

  24) command2 : LiteralCommand args _
  26) args : args _ Argument

  Argument      shift, and go to state 37
  $default      reduce using rule 24 (command2)


state 31


  $default      accept


state 32

   2) stmts : stmts Separator stmt _
   4) stmt : stmt _ Conditional pipeline

  Conditional   shift, and go to state 20
  $default      reduce using rule 2 (stmts)


state 33

   4) stmt : stmt Conditional pipeline _
   6) pipeline : pipeline _ Pipe stmts2

  Pipe          shift, and go to state 21
  $default      reduce using rule 4 (stmt)


state 34

   6) pipeline : pipeline Pipe stmts2 _

  $default      reduce using rule 6 (pipeline)


state 35

   8) stmts2 : "(" stmts ")" _

  $default      reduce using rule 8 (stmts2)


state 36

  18) vars : vars LValue RValue _

  $default      reduce using rule 18 (vars)


state 37

  26) args : args Argument _

  $default      reduce using rule 26 (args)

